Build started 6/18/2014 7:33:16 AM.
     1>Project "C:\Users\Mahmoudi5\documents\visual studio 2010\Projects\Evil Monkeys v2\Evil Monkeys v2\Evil Monkeys v2.vcxproj" on node 2 (build target(s)).
     1>InitializeBuildStatus:
         Creating "Debug\Evil Monkeys v2.unsuccessfulbuild" because "AlwaysCreate" was specified.
       ClCompile:
         All outputs are up-to-date.
         All outputs are up-to-date.
       ResourceCompile:
         C:\Program Files (x86)\Microsoft SDKs\Windows\v7.0A\bin\rc.exe /l"0x0409" /nologo /fo"Debug\Evil Monkeys v21.res" "Evil Monkeys v21.rc" 
       ManifestResourceCompile:
         All outputs are up-to-date.
       Link:
         C:\Program Files (x86)\Microsoft Visual Studio 10.0\VC\bin\link.exe /ERRORREPORT:PROMPT /OUT:"C:\Users\Mahmoudi5\documents\visual studio 2010\Projects\Evil Monkeys v2\Debug\Evil Monkeys v2.exe" /INCREMENTAL /NOLOGO /LIBPATH:"C:\wxWidgets-2.8.12\lib\vc_lib" wxmsw28d_html.lib wxmsw28d_core.lib wxbase28d.lib wxtiffd.lib wxjpegd.lib wxpngd.lib wxzlibd.lib wxregexd.lib wxexpatd.lib winmm.lib comctl32.lib rpcrt4.lib wsock32.lib odbc32.lib kernel32.lib user32.lib gdi32.lib winspool.lib comdlg32.lib advapi32.lib shell32.lib ole32.lib oleaut32.lib uuid.lib odbc32.lib odbccp32.lib /MANIFEST /ManifestFile:"Debug\Evil Monkeys v2.exe.intermediate.manifest" /MANIFESTUAC:"level='asInvoker' uiAccess='false'" /DEBUG /PDB:"C:\Users\Mahmoudi5\documents\visual studio 2010\Projects\Evil Monkeys v2\Debug\Evil Monkeys v2.pdb" /SUBSYSTEM:WINDOWS /TLBID:1 /DYNAMICBASE /NXCOMPAT /IMPLIB:"C:\Users\Mahmoudi5\documents\visual studio 2010\Projects\Evil Monkeys v2\Debug\Evil Monkeys v2.lib" /MACHINE:X86 "Debug\Evil Monkeys v21.res"
         "Debug\Evil Monkeys v2.exe.embed.manifest.res"
         Debug\AppFrame.obj
         Debug\character.obj
         Debug\drawEngine.obj
         Debug\enemy.obj
         Debug\EvilMonkeys.obj
         Debug\fireball.obj
         Debug\level.obj
         Debug\mage.obj
         Debug\sprite.obj
         Debug\stdwx.obj
       Manifest:
         C:\Program Files (x86)\Microsoft SDKs\Windows\v7.0A\bin\mt.exe /nologo /verbose /out:"Debug\Evil Monkeys v2.exe.embed.manifest" /manifest "Debug\Evil Monkeys v2.exe.intermediate.manifest"
         All outputs are up-to-date.
       LinkEmbedManifest:
         All outputs are up-to-date.
         Evil Monkeys v2.vcxproj -> C:\Users\Mahmoudi5\documents\visual studio 2010\Projects\Evil Monkeys v2\Debug\Evil Monkeys v2.exe
       FinalizeBuildStatus:
         Deleting file "Debug\Evil Monkeys v2.unsuccessfulbuild".
         Touching "Debug\Evil Monkeys v2.lastbuildstate".
     1>Done Building Project "C:\Users\Mahmoudi5\documents\visual studio 2010\Projects\Evil Monkeys v2\Evil Monkeys v2\Evil Monkeys v2.vcxproj" (build target(s)).

Build succeeded.

Time Elapsed 00:00:03.46
